<?xml version="1.0" encoding="UTF-8"?>
<testsuite xmlns:xsi="http://www.w3.org/2001/XMLSchema-instance" xsi:noNamespaceSchemaLocation="https://maven.apache.org/surefire/maven-surefire-plugin/xsd/surefire-test-report.xsd" name="br.com.freitas.MicronautDemoElasticsearchTest" time="1.193" tests="1" errors="1" skipped="0" failures="0">
  <properties>
    <property name="gopherProxySet" value="false"/>
    <property name="awt.toolkit" value="sun.lwawt.macosx.LWCToolkit"/>
    <property name="java.specification.version" value="11"/>
    <property name="sun.cpu.isalist" value=""/>
    <property name="sun.jnu.encoding" value="UTF-8"/>
    <property name="java.class.path" value="/Users/Bi003398/IdeaProjects/pessoal/demo-micronaut-elasticsearch/target/test-classes:/Users/Bi003398/IdeaProjects/pessoal/demo-micronaut-elasticsearch/target/classes:/Users/Bi003398/.m2_p/repository/io/micronaut/micronaut-http-server-netty/2.5.8/micronaut-http-server-netty-2.5.8.jar:/Users/Bi003398/.m2_p/repository/org/slf4j/slf4j-api/1.7.26/slf4j-api-1.7.26.jar:/Users/Bi003398/.m2_p/repository/io/micronaut/micronaut-http-server/2.5.8/micronaut-http-server-2.5.8.jar:/Users/Bi003398/.m2_p/repository/io/micronaut/micronaut-router/2.5.8/micronaut-router-2.5.8.jar:/Users/Bi003398/.m2_p/repository/io/micronaut/micronaut-core/2.5.8/micronaut-core-2.5.8.jar:/Users/Bi003398/.m2_p/repository/com/github/spotbugs/spotbugs-annotations/4.0.3/spotbugs-annotations-4.0.3.jar:/Users/Bi003398/.m2_p/repository/com/google/code/findbugs/jsr305/3.0.2/jsr305-3.0.2.jar:/Users/Bi003398/.m2_p/repository/io/micronaut/micronaut-http-netty/2.5.8/micronaut-http-netty-2.5.8.jar:/Users/Bi003398/.m2_p/repository/io/micronaut/micronaut-buffer-netty/2.5.8/micronaut-buffer-netty-2.5.8.jar:/Users/Bi003398/.m2_p/repository/io/netty/netty-handler/4.1.64.Final/netty-handler-4.1.64.Final.jar:/Users/Bi003398/.m2_p/repository/io/netty/netty-resolver/4.1.64.Final/netty-resolver-4.1.64.Final.jar:/Users/Bi003398/.m2_p/repository/io/netty/netty-codec-http2/4.1.64.Final/netty-codec-http2-4.1.64.Final.jar:/Users/Bi003398/.m2_p/repository/io/netty/netty-codec-http/4.1.64.Final/netty-codec-http-4.1.64.Final.jar:/Users/Bi003398/.m2_p/repository/io/netty/netty-common/4.1.64.Final/netty-common-4.1.64.Final.jar:/Users/Bi003398/.m2_p/repository/io/netty/netty-buffer/4.1.64.Final/netty-buffer-4.1.64.Final.jar:/Users/Bi003398/.m2_p/repository/io/netty/netty-transport/4.1.64.Final/netty-transport-4.1.64.Final.jar:/Users/Bi003398/.m2_p/repository/io/netty/netty-codec/4.1.64.Final/netty-codec-4.1.64.Final.jar:/Users/Bi003398/.m2_p/repository/io/micronaut/micronaut-inject/2.5.8/micronaut-inject-2.5.8.jar:/Users/Bi003398/.m2_p/repository/javax/inject/javax.inject/1/javax.inject-1.jar:/Users/Bi003398/.m2_p/repository/org/yaml/snakeyaml/1.26/snakeyaml-1.26.jar:/Users/Bi003398/.m2_p/repository/io/micronaut/micronaut-inject-java/2.5.8/micronaut-inject-java-2.5.8.jar:/Users/Bi003398/.m2_p/repository/io/micronaut/micronaut-aop/2.5.8/micronaut-aop-2.5.8.jar:/Users/Bi003398/.m2_p/repository/io/micronaut/micronaut-validation/2.5.8/micronaut-validation-2.5.8.jar:/Users/Bi003398/.m2_p/repository/io/micronaut/micronaut-core-reactive/2.5.8/micronaut-core-reactive-2.5.8.jar:/Users/Bi003398/.m2_p/repository/org/reactivestreams/reactive-streams/1.0.3/reactive-streams-1.0.3.jar:/Users/Bi003398/.m2_p/repository/javax/validation/validation-api/2.0.1.Final/validation-api-2.0.1.Final.jar:/Users/Bi003398/.m2_p/repository/io/micronaut/micronaut-http-client/2.5.8/micronaut-http-client-2.5.8.jar:/Users/Bi003398/.m2_p/repository/io/reactivex/rxjava2/rxjava/2.2.10/rxjava-2.2.10.jar:/Users/Bi003398/.m2_p/repository/io/micronaut/micronaut-http-client-core/2.5.8/micronaut-http-client-core-2.5.8.jar:/Users/Bi003398/.m2_p/repository/io/micronaut/micronaut-websocket/2.5.8/micronaut-websocket-2.5.8.jar:/Users/Bi003398/.m2_p/repository/io/netty/netty-handler-proxy/4.1.64.Final/netty-handler-proxy-4.1.64.Final.jar:/Users/Bi003398/.m2_p/repository/io/netty/netty-codec-socks/4.1.64.Final/netty-codec-socks-4.1.64.Final.jar:/Users/Bi003398/.m2_p/repository/io/micronaut/micronaut-runtime/2.5.8/micronaut-runtime-2.5.8.jar:/Users/Bi003398/.m2_p/repository/io/micronaut/micronaut-http/2.5.8/micronaut-http-2.5.8.jar:/Users/Bi003398/.m2_p/repository/io/micronaut/micronaut-context/2.5.8/micronaut-context-2.5.8.jar:/Users/Bi003398/.m2_p/repository/com/fasterxml/jackson/core/jackson-databind/2.12.2/jackson-databind-2.12.2.jar:/Users/Bi003398/.m2_p/repository/com/fasterxml/jackson/core/jackson-annotations/2.12.2/jackson-annotations-2.12.2.jar:/Users/Bi003398/.m2_p/repository/com/fasterxml/jackson/core/jackson-core/2.12.2/jackson-core-2.12.2.jar:/Users/Bi003398/.m2_p/repository/com/fasterxml/jackson/datatype/jackson-datatype-jdk8/2.12.2/jackson-datatype-jdk8-2.12.2.jar:/Users/Bi003398/.m2_p/repository/com/fasterxml/jackson/datatype/jackson-datatype-jsr310/2.12.2/jackson-datatype-jsr310-2.12.2.jar:/Users/Bi003398/.m2_p/repository/org/mapstruct/mapstruct/1.4.2.Final/mapstruct-1.4.2.Final.jar:/Users/Bi003398/.m2_p/repository/io/micronaut/elasticsearch/micronaut-elasticsearch/2.3.0/micronaut-elasticsearch-2.3.0.jar:/Users/Bi003398/.m2_p/repository/org/elasticsearch/client/elasticsearch-rest-high-level-client/7.12.0/elasticsearch-rest-high-level-client-7.12.0.jar:/Users/Bi003398/.m2_p/repository/org/elasticsearch/elasticsearch/7.12.0/elasticsearch-7.12.0.jar:/Users/Bi003398/.m2_p/repository/org/elasticsearch/elasticsearch-core/7.12.0/elasticsearch-core-7.12.0.jar:/Users/Bi003398/.m2_p/repository/org/elasticsearch/elasticsearch-secure-sm/7.12.0/elasticsearch-secure-sm-7.12.0.jar:/Users/Bi003398/.m2_p/repository/org/elasticsearch/elasticsearch-x-content/7.12.0/elasticsearch-x-content-7.12.0.jar:/Users/Bi003398/.m2_p/repository/com/fasterxml/jackson/dataformat/jackson-dataformat-smile/2.12.2/jackson-dataformat-smile-2.12.2.jar:/Users/Bi003398/.m2_p/repository/com/fasterxml/jackson/dataformat/jackson-dataformat-yaml/2.12.2/jackson-dataformat-yaml-2.12.2.jar:/Users/Bi003398/.m2_p/repository/com/fasterxml/jackson/dataformat/jackson-dataformat-cbor/2.12.2/jackson-dataformat-cbor-2.12.2.jar:/Users/Bi003398/.m2_p/repository/org/elasticsearch/elasticsearch-geo/7.12.0/elasticsearch-geo-7.12.0.jar:/Users/Bi003398/.m2_p/repository/org/apache/lucene/lucene-core/8.8.0/lucene-core-8.8.0.jar:/Users/Bi003398/.m2_p/repository/org/apache/lucene/lucene-analyzers-common/8.8.0/lucene-analyzers-common-8.8.0.jar:/Users/Bi003398/.m2_p/repository/org/apache/lucene/lucene-backward-codecs/8.8.0/lucene-backward-codecs-8.8.0.jar:/Users/Bi003398/.m2_p/repository/org/apache/lucene/lucene-grouping/8.8.0/lucene-grouping-8.8.0.jar:/Users/Bi003398/.m2_p/repository/org/apache/lucene/lucene-highlighter/8.8.0/lucene-highlighter-8.8.0.jar:/Users/Bi003398/.m2_p/repository/org/apache/lucene/lucene-join/8.8.0/lucene-join-8.8.0.jar:/Users/Bi003398/.m2_p/repository/org/apache/lucene/lucene-memory/8.8.0/lucene-memory-8.8.0.jar:/Users/Bi003398/.m2_p/repository/org/apache/lucene/lucene-misc/8.8.0/lucene-misc-8.8.0.jar:/Users/Bi003398/.m2_p/repository/org/apache/lucene/lucene-queries/8.8.0/lucene-queries-8.8.0.jar:/Users/Bi003398/.m2_p/repository/org/apache/lucene/lucene-queryparser/8.8.0/lucene-queryparser-8.8.0.jar:/Users/Bi003398/.m2_p/repository/org/apache/lucene/lucene-sandbox/8.8.0/lucene-sandbox-8.8.0.jar:/Users/Bi003398/.m2_p/repository/org/apache/lucene/lucene-spatial-extras/8.8.0/lucene-spatial-extras-8.8.0.jar:/Users/Bi003398/.m2_p/repository/org/apache/lucene/lucene-spatial3d/8.8.0/lucene-spatial3d-8.8.0.jar:/Users/Bi003398/.m2_p/repository/org/apache/lucene/lucene-suggest/8.8.0/lucene-suggest-8.8.0.jar:/Users/Bi003398/.m2_p/repository/org/elasticsearch/elasticsearch-cli/7.12.0/elasticsearch-cli-7.12.0.jar:/Users/Bi003398/.m2_p/repository/net/sf/jopt-simple/jopt-simple/5.0.2/jopt-simple-5.0.2.jar:/Users/Bi003398/.m2_p/repository/com/carrotsearch/hppc/0.8.1/hppc-0.8.1.jar:/Users/Bi003398/.m2_p/repository/joda-time/joda-time/2.10.4/joda-time-2.10.4.jar:/Users/Bi003398/.m2_p/repository/com/tdunning/t-digest/3.2/t-digest-3.2.jar:/Users/Bi003398/.m2_p/repository/org/hdrhistogram/HdrHistogram/2.1.9/HdrHistogram-2.1.9.jar:/Users/Bi003398/.m2_p/repository/org/apache/logging/log4j/log4j-api/2.11.1/log4j-api-2.11.1.jar:/Users/Bi003398/.m2_p/repository/org/elasticsearch/jna/5.7.0-1/jna-5.7.0-1.jar:/Users/Bi003398/.m2_p/repository/org/elasticsearch/elasticsearch-plugin-classloader/7.12.0/elasticsearch-plugin-classloader-7.12.0.jar:/Users/Bi003398/.m2_p/repository/org/elasticsearch/client/elasticsearch-rest-client/7.12.0/elasticsearch-rest-client-7.12.0.jar:/Users/Bi003398/.m2_p/repository/org/apache/httpcomponents/httpclient/4.5.10/httpclient-4.5.10.jar:/Users/Bi003398/.m2_p/repository/org/apache/httpcomponents/httpcore/4.4.12/httpcore-4.4.12.jar:/Users/Bi003398/.m2_p/repository/org/apache/httpcomponents/httpasyncclient/4.1.4/httpasyncclient-4.1.4.jar:/Users/Bi003398/.m2_p/repository/org/apache/httpcomponents/httpcore-nio/4.4.12/httpcore-nio-4.4.12.jar:/Users/Bi003398/.m2_p/repository/commons-codec/commons-codec/1.11/commons-codec-1.11.jar:/Users/Bi003398/.m2_p/repository/commons-logging/commons-logging/1.1.3/commons-logging-1.1.3.jar:/Users/Bi003398/.m2_p/repository/org/elasticsearch/plugin/mapper-extras-client/7.12.0/mapper-extras-client-7.12.0.jar:/Users/Bi003398/.m2_p/repository/org/elasticsearch/plugin/parent-join-client/7.12.0/parent-join-client-7.12.0.jar:/Users/Bi003398/.m2_p/repository/org/elasticsearch/plugin/aggs-matrix-stats-client/7.12.0/aggs-matrix-stats-client-7.12.0.jar:/Users/Bi003398/.m2_p/repository/org/elasticsearch/plugin/rank-eval-client/7.12.0/rank-eval-client-7.12.0.jar:/Users/Bi003398/.m2_p/repository/org/elasticsearch/plugin/lang-mustache-client/7.12.0/lang-mustache-client-7.12.0.jar:/Users/Bi003398/.m2_p/repository/com/github/spullara/mustache/java/compiler/0.9.6/compiler-0.9.6.jar:/Users/Bi003398/.m2_p/repository/javax/annotation/javax.annotation-api/1.3.2/javax.annotation-api-1.3.2.jar:/Users/Bi003398/.m2_p/repository/ch/qos/logback/logback-classic/1.2.3/logback-classic-1.2.3.jar:/Users/Bi003398/.m2_p/repository/ch/qos/logback/logback-core/1.2.3/logback-core-1.2.3.jar:/Users/Bi003398/.m2_p/repository/org/projectlombok/lombok/1.18.20/lombok-1.18.20.jar:/Users/Bi003398/.m2_p/repository/com/google/code/gson/gson/2.8.6/gson-2.8.6.jar:/Users/Bi003398/.m2_p/repository/org/junit/jupiter/junit-jupiter-api/5.7.1/junit-jupiter-api-5.7.1.jar:/Users/Bi003398/.m2_p/repository/org/apiguardian/apiguardian-api/1.1.0/apiguardian-api-1.1.0.jar:/Users/Bi003398/.m2_p/repository/org/opentest4j/opentest4j/1.2.0/opentest4j-1.2.0.jar:/Users/Bi003398/.m2_p/repository/org/junit/platform/junit-platform-commons/1.7.1/junit-platform-commons-1.7.1.jar:/Users/Bi003398/.m2_p/repository/org/junit/jupiter/junit-jupiter-engine/5.7.1/junit-jupiter-engine-5.7.1.jar:/Users/Bi003398/.m2_p/repository/org/junit/platform/junit-platform-engine/1.7.1/junit-platform-engine-1.7.1.jar:/Users/Bi003398/.m2_p/repository/io/micronaut/test/micronaut-test-junit5/2.3.7/micronaut-test-junit5-2.3.7.jar:/Users/Bi003398/.m2_p/repository/io/micronaut/test/micronaut-test-core/2.3.7/micronaut-test-core-2.3.7.jar:"/>
    <property name="java.vm.vendor" value="Oracle Corporation"/>
    <property name="sun.arch.data.model" value="64"/>
    <property name="java.vendor.url" value="https://openjdk.java.net/"/>
    <property name="user.timezone" value=""/>
    <property name="java.vm.specification.version" value="11"/>
    <property name="os.name" value="Mac OS X"/>
    <property name="sun.java.launcher" value="SUN_STANDARD"/>
    <property name="user.country" value="BR"/>
    <property name="sun.boot.library.path" value="/Library/Java/JavaVirtualMachines/jdk-11.0.7.jdk/Contents/Home/lib"/>
    <property name="sun.java.command" value="/Users/Bi003398/IdeaProjects/pessoal/demo-micronaut-elasticsearch/target/surefire/surefirebooter13944226415829652427.jar /Users/Bi003398/IdeaProjects/pessoal/demo-micronaut-elasticsearch/target/surefire 2021-07-14T20-35-11_862-jvmRun1 surefire2199654769796084074tmp surefire_012382352635260672927tmp"/>
    <property name="http.nonProxyHosts" value="local|*.local|169.254/16|*.169.254/16"/>
    <property name="jdk.debug" value="release"/>
    <property name="surefire.test.class.path" value="/Users/Bi003398/IdeaProjects/pessoal/demo-micronaut-elasticsearch/target/test-classes:/Users/Bi003398/IdeaProjects/pessoal/demo-micronaut-elasticsearch/target/classes:/Users/Bi003398/.m2_p/repository/io/micronaut/micronaut-http-server-netty/2.5.8/micronaut-http-server-netty-2.5.8.jar:/Users/Bi003398/.m2_p/repository/org/slf4j/slf4j-api/1.7.26/slf4j-api-1.7.26.jar:/Users/Bi003398/.m2_p/repository/io/micronaut/micronaut-http-server/2.5.8/micronaut-http-server-2.5.8.jar:/Users/Bi003398/.m2_p/repository/io/micronaut/micronaut-router/2.5.8/micronaut-router-2.5.8.jar:/Users/Bi003398/.m2_p/repository/io/micronaut/micronaut-core/2.5.8/micronaut-core-2.5.8.jar:/Users/Bi003398/.m2_p/repository/com/github/spotbugs/spotbugs-annotations/4.0.3/spotbugs-annotations-4.0.3.jar:/Users/Bi003398/.m2_p/repository/com/google/code/findbugs/jsr305/3.0.2/jsr305-3.0.2.jar:/Users/Bi003398/.m2_p/repository/io/micronaut/micronaut-http-netty/2.5.8/micronaut-http-netty-2.5.8.jar:/Users/Bi003398/.m2_p/repository/io/micronaut/micronaut-buffer-netty/2.5.8/micronaut-buffer-netty-2.5.8.jar:/Users/Bi003398/.m2_p/repository/io/netty/netty-handler/4.1.64.Final/netty-handler-4.1.64.Final.jar:/Users/Bi003398/.m2_p/repository/io/netty/netty-resolver/4.1.64.Final/netty-resolver-4.1.64.Final.jar:/Users/Bi003398/.m2_p/repository/io/netty/netty-codec-http2/4.1.64.Final/netty-codec-http2-4.1.64.Final.jar:/Users/Bi003398/.m2_p/repository/io/netty/netty-codec-http/4.1.64.Final/netty-codec-http-4.1.64.Final.jar:/Users/Bi003398/.m2_p/repository/io/netty/netty-common/4.1.64.Final/netty-common-4.1.64.Final.jar:/Users/Bi003398/.m2_p/repository/io/netty/netty-buffer/4.1.64.Final/netty-buffer-4.1.64.Final.jar:/Users/Bi003398/.m2_p/repository/io/netty/netty-transport/4.1.64.Final/netty-transport-4.1.64.Final.jar:/Users/Bi003398/.m2_p/repository/io/netty/netty-codec/4.1.64.Final/netty-codec-4.1.64.Final.jar:/Users/Bi003398/.m2_p/repository/io/micronaut/micronaut-inject/2.5.8/micronaut-inject-2.5.8.jar:/Users/Bi003398/.m2_p/repository/javax/inject/javax.inject/1/javax.inject-1.jar:/Users/Bi003398/.m2_p/repository/org/yaml/snakeyaml/1.26/snakeyaml-1.26.jar:/Users/Bi003398/.m2_p/repository/io/micronaut/micronaut-inject-java/2.5.8/micronaut-inject-java-2.5.8.jar:/Users/Bi003398/.m2_p/repository/io/micronaut/micronaut-aop/2.5.8/micronaut-aop-2.5.8.jar:/Users/Bi003398/.m2_p/repository/io/micronaut/micronaut-validation/2.5.8/micronaut-validation-2.5.8.jar:/Users/Bi003398/.m2_p/repository/io/micronaut/micronaut-core-reactive/2.5.8/micronaut-core-reactive-2.5.8.jar:/Users/Bi003398/.m2_p/repository/org/reactivestreams/reactive-streams/1.0.3/reactive-streams-1.0.3.jar:/Users/Bi003398/.m2_p/repository/javax/validation/validation-api/2.0.1.Final/validation-api-2.0.1.Final.jar:/Users/Bi003398/.m2_p/repository/io/micronaut/micronaut-http-client/2.5.8/micronaut-http-client-2.5.8.jar:/Users/Bi003398/.m2_p/repository/io/reactivex/rxjava2/rxjava/2.2.10/rxjava-2.2.10.jar:/Users/Bi003398/.m2_p/repository/io/micronaut/micronaut-http-client-core/2.5.8/micronaut-http-client-core-2.5.8.jar:/Users/Bi003398/.m2_p/repository/io/micronaut/micronaut-websocket/2.5.8/micronaut-websocket-2.5.8.jar:/Users/Bi003398/.m2_p/repository/io/netty/netty-handler-proxy/4.1.64.Final/netty-handler-proxy-4.1.64.Final.jar:/Users/Bi003398/.m2_p/repository/io/netty/netty-codec-socks/4.1.64.Final/netty-codec-socks-4.1.64.Final.jar:/Users/Bi003398/.m2_p/repository/io/micronaut/micronaut-runtime/2.5.8/micronaut-runtime-2.5.8.jar:/Users/Bi003398/.m2_p/repository/io/micronaut/micronaut-http/2.5.8/micronaut-http-2.5.8.jar:/Users/Bi003398/.m2_p/repository/io/micronaut/micronaut-context/2.5.8/micronaut-context-2.5.8.jar:/Users/Bi003398/.m2_p/repository/com/fasterxml/jackson/core/jackson-databind/2.12.2/jackson-databind-2.12.2.jar:/Users/Bi003398/.m2_p/repository/com/fasterxml/jackson/core/jackson-annotations/2.12.2/jackson-annotations-2.12.2.jar:/Users/Bi003398/.m2_p/repository/com/fasterxml/jackson/core/jackson-core/2.12.2/jackson-core-2.12.2.jar:/Users/Bi003398/.m2_p/repository/com/fasterxml/jackson/datatype/jackson-datatype-jdk8/2.12.2/jackson-datatype-jdk8-2.12.2.jar:/Users/Bi003398/.m2_p/repository/com/fasterxml/jackson/datatype/jackson-datatype-jsr310/2.12.2/jackson-datatype-jsr310-2.12.2.jar:/Users/Bi003398/.m2_p/repository/org/mapstruct/mapstruct/1.4.2.Final/mapstruct-1.4.2.Final.jar:/Users/Bi003398/.m2_p/repository/io/micronaut/elasticsearch/micronaut-elasticsearch/2.3.0/micronaut-elasticsearch-2.3.0.jar:/Users/Bi003398/.m2_p/repository/org/elasticsearch/client/elasticsearch-rest-high-level-client/7.12.0/elasticsearch-rest-high-level-client-7.12.0.jar:/Users/Bi003398/.m2_p/repository/org/elasticsearch/elasticsearch/7.12.0/elasticsearch-7.12.0.jar:/Users/Bi003398/.m2_p/repository/org/elasticsearch/elasticsearch-core/7.12.0/elasticsearch-core-7.12.0.jar:/Users/Bi003398/.m2_p/repository/org/elasticsearch/elasticsearch-secure-sm/7.12.0/elasticsearch-secure-sm-7.12.0.jar:/Users/Bi003398/.m2_p/repository/org/elasticsearch/elasticsearch-x-content/7.12.0/elasticsearch-x-content-7.12.0.jar:/Users/Bi003398/.m2_p/repository/com/fasterxml/jackson/dataformat/jackson-dataformat-smile/2.12.2/jackson-dataformat-smile-2.12.2.jar:/Users/Bi003398/.m2_p/repository/com/fasterxml/jackson/dataformat/jackson-dataformat-yaml/2.12.2/jackson-dataformat-yaml-2.12.2.jar:/Users/Bi003398/.m2_p/repository/com/fasterxml/jackson/dataformat/jackson-dataformat-cbor/2.12.2/jackson-dataformat-cbor-2.12.2.jar:/Users/Bi003398/.m2_p/repository/org/elasticsearch/elasticsearch-geo/7.12.0/elasticsearch-geo-7.12.0.jar:/Users/Bi003398/.m2_p/repository/org/apache/lucene/lucene-core/8.8.0/lucene-core-8.8.0.jar:/Users/Bi003398/.m2_p/repository/org/apache/lucene/lucene-analyzers-common/8.8.0/lucene-analyzers-common-8.8.0.jar:/Users/Bi003398/.m2_p/repository/org/apache/lucene/lucene-backward-codecs/8.8.0/lucene-backward-codecs-8.8.0.jar:/Users/Bi003398/.m2_p/repository/org/apache/lucene/lucene-grouping/8.8.0/lucene-grouping-8.8.0.jar:/Users/Bi003398/.m2_p/repository/org/apache/lucene/lucene-highlighter/8.8.0/lucene-highlighter-8.8.0.jar:/Users/Bi003398/.m2_p/repository/org/apache/lucene/lucene-join/8.8.0/lucene-join-8.8.0.jar:/Users/Bi003398/.m2_p/repository/org/apache/lucene/lucene-memory/8.8.0/lucene-memory-8.8.0.jar:/Users/Bi003398/.m2_p/repository/org/apache/lucene/lucene-misc/8.8.0/lucene-misc-8.8.0.jar:/Users/Bi003398/.m2_p/repository/org/apache/lucene/lucene-queries/8.8.0/lucene-queries-8.8.0.jar:/Users/Bi003398/.m2_p/repository/org/apache/lucene/lucene-queryparser/8.8.0/lucene-queryparser-8.8.0.jar:/Users/Bi003398/.m2_p/repository/org/apache/lucene/lucene-sandbox/8.8.0/lucene-sandbox-8.8.0.jar:/Users/Bi003398/.m2_p/repository/org/apache/lucene/lucene-spatial-extras/8.8.0/lucene-spatial-extras-8.8.0.jar:/Users/Bi003398/.m2_p/repository/org/apache/lucene/lucene-spatial3d/8.8.0/lucene-spatial3d-8.8.0.jar:/Users/Bi003398/.m2_p/repository/org/apache/lucene/lucene-suggest/8.8.0/lucene-suggest-8.8.0.jar:/Users/Bi003398/.m2_p/repository/org/elasticsearch/elasticsearch-cli/7.12.0/elasticsearch-cli-7.12.0.jar:/Users/Bi003398/.m2_p/repository/net/sf/jopt-simple/jopt-simple/5.0.2/jopt-simple-5.0.2.jar:/Users/Bi003398/.m2_p/repository/com/carrotsearch/hppc/0.8.1/hppc-0.8.1.jar:/Users/Bi003398/.m2_p/repository/joda-time/joda-time/2.10.4/joda-time-2.10.4.jar:/Users/Bi003398/.m2_p/repository/com/tdunning/t-digest/3.2/t-digest-3.2.jar:/Users/Bi003398/.m2_p/repository/org/hdrhistogram/HdrHistogram/2.1.9/HdrHistogram-2.1.9.jar:/Users/Bi003398/.m2_p/repository/org/apache/logging/log4j/log4j-api/2.11.1/log4j-api-2.11.1.jar:/Users/Bi003398/.m2_p/repository/org/elasticsearch/jna/5.7.0-1/jna-5.7.0-1.jar:/Users/Bi003398/.m2_p/repository/org/elasticsearch/elasticsearch-plugin-classloader/7.12.0/elasticsearch-plugin-classloader-7.12.0.jar:/Users/Bi003398/.m2_p/repository/org/elasticsearch/client/elasticsearch-rest-client/7.12.0/elasticsearch-rest-client-7.12.0.jar:/Users/Bi003398/.m2_p/repository/org/apache/httpcomponents/httpclient/4.5.10/httpclient-4.5.10.jar:/Users/Bi003398/.m2_p/repository/org/apache/httpcomponents/httpcore/4.4.12/httpcore-4.4.12.jar:/Users/Bi003398/.m2_p/repository/org/apache/httpcomponents/httpasyncclient/4.1.4/httpasyncclient-4.1.4.jar:/Users/Bi003398/.m2_p/repository/org/apache/httpcomponents/httpcore-nio/4.4.12/httpcore-nio-4.4.12.jar:/Users/Bi003398/.m2_p/repository/commons-codec/commons-codec/1.11/commons-codec-1.11.jar:/Users/Bi003398/.m2_p/repository/commons-logging/commons-logging/1.1.3/commons-logging-1.1.3.jar:/Users/Bi003398/.m2_p/repository/org/elasticsearch/plugin/mapper-extras-client/7.12.0/mapper-extras-client-7.12.0.jar:/Users/Bi003398/.m2_p/repository/org/elasticsearch/plugin/parent-join-client/7.12.0/parent-join-client-7.12.0.jar:/Users/Bi003398/.m2_p/repository/org/elasticsearch/plugin/aggs-matrix-stats-client/7.12.0/aggs-matrix-stats-client-7.12.0.jar:/Users/Bi003398/.m2_p/repository/org/elasticsearch/plugin/rank-eval-client/7.12.0/rank-eval-client-7.12.0.jar:/Users/Bi003398/.m2_p/repository/org/elasticsearch/plugin/lang-mustache-client/7.12.0/lang-mustache-client-7.12.0.jar:/Users/Bi003398/.m2_p/repository/com/github/spullara/mustache/java/compiler/0.9.6/compiler-0.9.6.jar:/Users/Bi003398/.m2_p/repository/javax/annotation/javax.annotation-api/1.3.2/javax.annotation-api-1.3.2.jar:/Users/Bi003398/.m2_p/repository/ch/qos/logback/logback-classic/1.2.3/logback-classic-1.2.3.jar:/Users/Bi003398/.m2_p/repository/ch/qos/logback/logback-core/1.2.3/logback-core-1.2.3.jar:/Users/Bi003398/.m2_p/repository/org/projectlombok/lombok/1.18.20/lombok-1.18.20.jar:/Users/Bi003398/.m2_p/repository/com/google/code/gson/gson/2.8.6/gson-2.8.6.jar:/Users/Bi003398/.m2_p/repository/org/junit/jupiter/junit-jupiter-api/5.7.1/junit-jupiter-api-5.7.1.jar:/Users/Bi003398/.m2_p/repository/org/apiguardian/apiguardian-api/1.1.0/apiguardian-api-1.1.0.jar:/Users/Bi003398/.m2_p/repository/org/opentest4j/opentest4j/1.2.0/opentest4j-1.2.0.jar:/Users/Bi003398/.m2_p/repository/org/junit/platform/junit-platform-commons/1.7.1/junit-platform-commons-1.7.1.jar:/Users/Bi003398/.m2_p/repository/org/junit/jupiter/junit-jupiter-engine/5.7.1/junit-jupiter-engine-5.7.1.jar:/Users/Bi003398/.m2_p/repository/org/junit/platform/junit-platform-engine/1.7.1/junit-platform-engine-1.7.1.jar:/Users/Bi003398/.m2_p/repository/io/micronaut/test/micronaut-test-junit5/2.3.7/micronaut-test-junit5-2.3.7.jar:/Users/Bi003398/.m2_p/repository/io/micronaut/test/micronaut-test-core/2.3.7/micronaut-test-core-2.3.7.jar:"/>
    <property name="sun.cpu.endian" value="little"/>
    <property name="user.home" value="/Users/Bi003398"/>
    <property name="user.language" value="pt"/>
    <property name="java.specification.vendor" value="Oracle Corporation"/>
    <property name="java.version.date" value="2020-04-14"/>
    <property name="java.home" value="/Library/Java/JavaVirtualMachines/jdk-11.0.7.jdk/Contents/Home"/>
    <property name="file.separator" value="/"/>
    <property name="basedir" value="/Users/Bi003398/IdeaProjects/pessoal/demo-micronaut-elasticsearch"/>
    <property name="java.vm.compressedOopsMode" value="Zero based"/>
    <property name="line.separator" value="&#10;"/>
    <property name="java.specification.name" value="Java Platform API Specification"/>
    <property name="java.vm.specification.vendor" value="Oracle Corporation"/>
    <property name="java.awt.graphicsenv" value="sun.awt.CGraphicsEnvironment"/>
    <property name="surefire.real.class.path" value="/Users/Bi003398/IdeaProjects/pessoal/demo-micronaut-elasticsearch/target/surefire/surefirebooter13944226415829652427.jar"/>
    <property name="sun.management.compiler" value="HotSpot 64-Bit Tiered Compilers"/>
    <property name="ftp.nonProxyHosts" value="local|*.local|169.254/16|*.169.254/16"/>
    <property name="java.runtime.version" value="11.0.7+8-LTS"/>
    <property name="user.name" value="Bi003398"/>
    <property name="path.separator" value=":"/>
    <property name="os.version" value="10.15.7"/>
    <property name="java.runtime.name" value="Java(TM) SE Runtime Environment"/>
    <property name="file.encoding" value="UTF-8"/>
    <property name="java.vm.name" value="Java HotSpot(TM) 64-Bit Server VM"/>
    <property name="java.vendor.version" value="18.9"/>
    <property name="localRepository" value="/Users/Bi003398/.m2_p/repository"/>
    <property name="java.vendor.url.bug" value="https://bugreport.java.com/bugreport/"/>
    <property name="java.io.tmpdir" value="/var/folders/rd/qtpftpb16pv0xk0680k5t0d80000gs/T/"/>
    <property name="idea.version" value="2021.1.1"/>
    <property name="java.version" value="11.0.7"/>
    <property name="user.dir" value="/Users/Bi003398/IdeaProjects/pessoal/demo-micronaut-elasticsearch"/>
    <property name="os.arch" value="x86_64"/>
    <property name="java.vm.specification.name" value="Java Virtual Machine Specification"/>
    <property name="java.awt.printerjob" value="sun.lwawt.macosx.CPrinterJob"/>
    <property name="sun.os.patch.level" value="unknown"/>
    <property name="java.library.path" value="/Users/Bi003398/Library/Java/Extensions:/Library/Java/Extensions:/Network/Library/Java/Extensions:/System/Library/Java/Extensions:/usr/lib/java:."/>
    <property name="java.vendor" value="Oracle Corporation"/>
    <property name="java.vm.info" value="mixed mode"/>
    <property name="java.vm.version" value="11.0.7+8-LTS"/>
    <property name="sun.io.unicode.encoding" value="UnicodeBig"/>
    <property name="maven.repo.local" value="/Users/Bi003398/.m2_p/repository"/>
    <property name="java.class.version" value="55.0"/>
    <property name="socksNonProxyHosts" value="local|*.local|169.254/16|*.169.254/16"/>
  </properties>
  <testcase name="br.com.freitas.MicronautDemoElasticsearchTest" classname="br.com.freitas.MicronautDemoElasticsearchTest" time="1.192">
    <error message="Unable to start Micronaut server on port: 8080" type="io.micronaut.http.server.exceptions.ServerStartupException">io.micronaut.http.server.exceptions.ServerStartupException: Unable to start Micronaut server on port: 8080
Caused by: java.net.BindException: Address already in use
</error>
    <system-out><![CDATA[&amp#27;[36m20:35:13.138&amp#27;[0;39m &amp#27;[1;30m[main]&amp#27;[0;39m &amp#27;[34mINFO &amp#27;[0;39m &amp#27;[35mi.m.context.env.DefaultEnvironment&amp#27;[0;39m -
        Established active environments: [test]
&amp#27;[36m20:35:13.691&amp#27;[0;39m &amp#27;[1;30m[main]&amp#27;[0;39m &amp#27;[1;31mERROR&amp#27;[0;39m &amp#27;[35mi.m.h.server.netty.NettyHttpServer&amp#27;[0;39m -
        Unable to start server. Port already 8080 in use.
]]></system-out>
  </testcase>
</testsuite>